make all --print-data-base --no-builtin-variables --no-builtin-rules --question
# GNU Make 3.81
# Copyright (C) 2006  Free Software Foundation, Inc.
# This is free software; see the source for copying conditions.
# There is NO warranty; not even for MERCHANTABILITY or FITNESS FOR A
# PARTICULAR PURPOSE.

# This program built for i386-apple-darwin11.3.0
 
make: *** No rule to make target `all'.  Stop.


# Make data base, printed on Thu Feb  9 22:44:56 2023

# Variables

# automatic
<D = $(patsubst %/,%,$(dir $<))
# automatic
?F = $(notdir $?)
# environment
ELECTRON_NO_ATTACH_CONSOLE = 1
# environment
LC_CTYPE = UTF-8
# automatic
?D = $(patsubst %/,%,$(dir $?))
# automatic
@D = $(patsubst %/,%,$(dir $@))
# automatic
@F = $(notdir $@)
# makefile
CURDIR := /Users/umar.ramadhana/umar/personal_projects/nextjs/uler-tangga-nextjs
# makefile
 
SHELL = /bin/sh
# environment
VSCODE_NLS_CONFIG = {"locale":"en-us","availableLanguages":{},"_languagePackSupport":true}
# environment
_ = /usr/bin/make
# environment
GIT_INDEX_FILE = .git/index
# environment
GIT_AUTHOR_NAME = umar ramadhana
# makefile (from `Makefile', line 1)
MAKEFILE_LIST :=  Makefile
# environment
GIT_AUTHOR_EMAIL = umar.ramadhana@gojek.com
# environment
__CFBundleIdentifier = com.microsoft.VSCode
# environment
VSCODE_CWD = /Users/umar.ramadhana/umar/personal_projects/nextjs/uler-tangga-nextjs
# environment
PATH = /Users/umar.ramadhana/Downloads/google-cloud-sdk/bin:/Users/umar.ramadhana/.pyenv/shims:/Users/umar.ramadhana/.rbenv/shims:/Users/umar.ramadhana/.pyenv/bin:/Users/umar.ramadhana/go/bin:/Users/umar.ramadhana/Library/Python/3.8/bin:/Users/umar.ramadhana/usr/local/go/bin/go:/usr/local/bin:/usr/bin:/bin:/usr/sbin:/sbin:/usr/local/go/bin
# environment
GIT_PREFIX = 
# environment
LSCOLORS = Gxfxcxdxbxegedabagacad
# environment
LIBRARY_PATH = /usr/local/lib
# environment
CPATH = /usr/local/include
# environment
GOPATH = /Users/umar.ramadhana/go
# environment
LaunchInstanceID = 4FA5DB15-6555-411F-93B3-C72896E3CC3F
# environment
ELECTRON_RUN_AS_NODE = 1
# environment
PYENV_ROOT = /Users/umar.ramadhana/.pyenv
# default
.FEATURES := target-specific order-only second-expansion else-if archives jobserver check-symlink
# environment
SSH_AUTH_SOCK = /private/tmp/com.apple.launchd.j8RpAn63fR/Listeners
# automatic
%F = $(notdir $%)
# environment
SQLITE_EXEMPT_PATH_FROM_VNODE_GUARDS = /Users/umar.ramadhana/Library/WebKit/Databases
# environment
PWD = /Users/umar.ramadhana/umar/personal_projects/nextjs/uler-tangga-nextjs
# environment
JAVA_OPTS = --add-opens java.xml/com.sun.xml.internal.stream.writers=org.jruby.dist
# environment
ORIGINAL_XDG_CURRENT_DESKTOP = undefined
# environment
VSCODE_AMD_ENTRYPOINT = vs/workbench/api/node/extensionHostProcess
# environment
PYENV_SHELL = zsh
# environment
HOME = /Users/umar.ramadhana
# environment
GIT_EXEC_PATH = /Library/Developer/CommandLineTools/usr/libexec/git-core
# default
MAKEFILEPATH = $(shell /usr/bin/xcode-select -print-path 2>/dev/null || echo /Developer)/Makefiles
# environment
VSCODE_CLI = 1
# environment
VSCODE_CODE_CACHE_PATH = /Users/umar.ramadhana/Library/Application Support/Code/CachedData/97dec172d3256f8ca4bfb2143f3f76b503ca0534
# environment
LOGNAME = umar.ramadhana
# environment
APPLICATION_INSIGHTS_NO_DIAGNOSTIC_CHANNEL = 1
# environment
ZSH = /Users/umar.ramadhana/.oh-my-zsh
# environment
VSCODE_HANDLES_UNCAUGHT_ERRORS = true
# automatic
^D = $(patsubst %/,%,$(dir $^))
# environment
XPC_FLAGS = 0x0
# environment
COLORTERM = truecolor
# default
MAKE = $(MAKE_COMMAND)
# environment
LC_TERMINAL = iTerm2
# environment
SHLVL = 3
# default
MAKE_VERSION := 3.81
# environment
USER = umar.ramadhana
# makefile
.DEFAULT_GOAL := run
# default
MAKECMDGOALS := all
# environment
TERM_SESSION_ID = w0t0p1:E3D304E3-3AD4-4651-B99E-9FC0D84B9A0C
# environment
LESS = -R
# automatic
%D = $(patsubst %/,%,$(dir $%))
# default
MAKE_COMMAND := /Library/Developer/CommandLineTools/usr/bin/make
# environment
TERM_PROGRAM = iTerm.app
# default
.VARIABLES := 
# environment
TMPDIR = /var/folders/ks/wb5pp8w95rz99jc1g1m6g1_80000gn/T/
# automatic
*F = $(notdir $*)
# environment
VSCODE_IPC_HOOK = /Users/umar.ramadhana/Library/Application Support/Code/1.74.3-main.sock
# environment
MallocNanoZone = 0
# makefile
MAKEFLAGS = Rrqp
# environment
MFLAGS = -Rrqp
# automatic
*D = $(patsubst %/,%,$(dir $*))
# environment
TERM_PROGRAM_VERSION = 3.4.19
# environment
XPC_SERVICE_NAME = application.com.microsoft.VSCode.40863586.40863592.92E300D5-422F-467A-8CC0-9AB8EE3BE7D7
# environment
LC_TERMINAL_VERSION = 3.4.19
# automatic
+D = $(patsubst %/,%,$(dir $+))
# automatic
+F = $(notdir $+)
# environment
ITERM_SESSION_ID = w0t0p1:E3D304E3-3AD4-4651-B99E-9FC0D84B9A0C
# environment
COLORFGBG = 7;0
# environment
__CF_USER_TEXT_ENCODING = 0x1F5:0x0:0x0
# environment
COMMAND_MODE = unix2003
# default
MAKEFILES := 
# environment
RBENV_SHELL = zsh
# automatic
<F = $(notdir $<)
# environment
GIT_AUTHOR_DATE = @1675836531 +0700
# environment
ITERM_PROFILE = Default
# environment
GOPRIVATE = source.golabs.io
# environment
PAGER = less
# environment
LC_ALL = C
# environment
SECURITYSESSIONID = 186a3
# automatic
^F = $(notdir $^)
# default
SUFFIXES := 
# environment
SDKROOT = /Library/Developer/CommandLineTools/SDKs/MacOSX12.3.sdk
# default
.INCLUDE_DIRS = /usr/local/include
# environment
MAKELEVEL := 0
# environment
LANG = C
# environment
TERM = xterm-256color
# environment
VSCODE_PID = 99021
# variable set hash-table stats:
# Load=93/1024=9%, Rehash=0, Collisions=5/117=4%

# Pattern-specific Variable Values

# No pattern-specific variable values.
 

# Directories

# . (device 16777220, inode 17625216): 18 files, no impossibilities.

# 18 files, no impossibilities in 1 directories.

# Implicit Rules

# No implicit rules.

# Files

# Not a target:
all:
#  Command-line target.
#  Implicit rule search has been done.
#  File does not exist.
#  File has not been updated.
# variable set hash-table stats:
# Load=0/32=0%, Rehash=0, Collisions=0/0=0%

# Not a target:
.SUFFIXES:
#  Implicit rule search has not been done.
#  Modification time never checked.
#  File has not been updated.

# Not a target:
Makefile:
#  Implicit rule search has been done.
#  Last modified 2022-08-11 12:10:35
#  File has been updated.
#  Successfully updated.
# variable set hash-table stats:
# Load=0/32=0%, Rehash=0, Collisions=0/0=0%

# Not a target:
.DEFAULT:
#  Implicit rule search has not been done.
#  Modification time never checked.
#  File has not been updated.

run:
#  Implicit rule search has not been done.
#  Modification time never checked.
#  File has not been updated.
#  commands to execute (from `Makefile', line 2):
	npm run dev
	

# files hash-table stats:
# Load=5/1024=0%, Rehash=0, Collisions=0/17=0%
# VPATH Search Paths

# No `vpath' search paths.

# No general (`VPATH' variable) search path.

# # of strings in strcache: 1
# # of strcache buffers: 1
# strcache size: total = 4096 / max = 4096 / min = 4096 / avg = 4096
# strcache free: total = 4087 / max = 4087 / min = 4087 / avg = 4087

# Finished Make data base on Thu Feb  9 22:44:56 2023

 
